My app Name 14:18:55.534431 GRPC Server ready to accept request
time="2022-08-30T20:58:48+03:00" level=debug msg="GRPC Server ready to accept request"
time="2022-08-30T20:59:35+03:00" level=debug msg="GRPC Server ready to accept request"
time="2022-08-30T21:07:24+03:00" level=debug msg="GRPC Server ready to accept request"
time="2022-08-30T21:11:21+03:00" level=fatal msg="Error establishing tcp connection on port = :8082, error = listen tcp :8082: bind: address already in use"
time="2022-08-30T21:11:32+03:00" level=fatal msg="Error establishing tcp connection on port = :8082, error = listen tcp :8082: bind: address already in use"
time="2022-08-30T21:11:50+03:00" level=debug msg="GRPC Server ready to accept request on port = %v:8082"
time="2022-08-30T21:14:00+03:00" level=debug msg="GRPC Server ready to accept request on port = :8082"
time="2022-08-30T21:18:24+03:00" level=debug msg="GRPC Server ready to accept request on port = :8082"
time="2022-08-30T21:18:37+03:00" level=panic msg="Recovered panic runtime error: invalid memory address or nil pointer dereference"
time="2022-08-30T21:21:57+03:00" level=debug msg="GRPC Server ready to accept request on port = :8082"
time="2022-08-30T21:24:54+03:00" level=debug msg="GRPC Server ready to accept request on port = :8082"
time="2022-08-30T21:25:10+03:00" level=error msg="Error get ObjectID from request  = %vthe provided hex string is not a valid ObjectID"
time="2022-08-30T21:25:31+03:00" level=panic msg="Recovered panic runtime error: invalid memory address or nil pointer dereference"
time="2022-08-30T21:26:27+03:00" level=debug msg="GRPC Server ready to accept request on port = :8082"
time="2022-08-30T21:26:34+03:00" level=error msg="Error get ObjectID from request  = %vthe provided hex string is not a valid ObjectID"
time="2022-08-30T21:28:33+03:00" level=debug msg="GRPC Server ready to accept request on port = :8082"
time="2022-08-30T21:28:42+03:00" level=error msg="Error get ObjectID from request  = the provided hex string is not a valid ObjectID"
time="2022-08-30T21:29:10+03:00" level=error msg="Error get ObjectID from request  = the provided hex string is not a valid ObjectID"
time="2022-08-30T21:29:56+03:00" level=debug msg="GRPC Server ready to accept request on port = :8082"
time="2022-08-30T21:30:04+03:00" level=debug msg="reg = \"62e27b1b06adfcddf4619fc6\", type = string"
time="2022-08-30T21:30:04+03:00" level=error msg="Error get ObjectID from request  = the provided hex string is not a valid ObjectID"
time="2022-08-30T21:30:24+03:00" level=debug msg="reg = 62e27b1b06adfcddf4619fc6, type = string"
time="2022-08-30T21:30:24+03:00" level=panic msg="Recovered panic runtime error: invalid memory address or nil pointer dereference"
time="2022-08-30T21:33:57+03:00" level=debug msg="GRPC Server ready to accept request on port = :8082"
time="2022-08-30T21:34:05+03:00" level=debug msg="GRPC Server ready to accept request on port = :8082"
time="2022-08-30T21:34:55+03:00" level=debug msg="reg = 62e27b1b06adfcddf4619fc6, type = string"
time="2022-08-30T21:34:55+03:00" level=panic msg="Recovered panic runtime error: invalid memory address or nil pointer dereference"
time="2022-08-30T21:35:43+03:00" level=debug msg="GRPC Server ready to accept request on port = :8082"
time="2022-08-30T21:35:47+03:00" level=debug msg="reg = 62e27b1b06adfcddf4619fc6, type = string"
time="2022-08-30T21:35:47+03:00" level=debug msg="<nil>"
time="2022-08-30T21:35:47+03:00" level=panic msg="Recovered panic runtime error: invalid memory address or nil pointer dereference"
